C:\Program Files\Microsoft Visual Studio\2022\Community\MSBuild\Microsoft\VC\v170\Microsoft.CppBuild.targets(517,5): warning MSB8004: Output Directory does not end with a trailing slash.  This build instance will add the slash as it is required to allow proper evaluation of the Output Directory.
  ball.cpp
C:\Users\xrist\Desktop\sxolh\c++\P3210268 (2)\Stage1\Stage1\ball.cpp(16,31): warning C4244: '+=': conversion from 'double' to 'float', possible loss of data
C:\Users\xrist\Desktop\sxolh\c++\P3210268 (2)\Stage1\Stage1\ball.cpp(17,31): warning C4244: '+=': conversion from 'double' to 'float', possible loss of data
  gameobject.cpp
  gamestate.cpp
C:\Users\xrist\Desktop\sxolh\c++\P3210268 (2)\Stage1\Stage1\gamestate.cpp(135,37): warning C4244: 'argument': conversion from 'double' to 'float', possible loss of data
C:\Users\xrist\Desktop\sxolh\c++\P3210268 (2)\Stage1\Stage1\gamestate.cpp(160,64): warning C4305: 'argument': truncation from 'double' to 'float'
C:\Users\xrist\Desktop\sxolh\c++\P3210268 (2)\Stage1\Stage1\gamestate.cpp(160,37): warning C4244: 'argument': conversion from 'double' to 'float', possible loss of data
C:\Users\xrist\Desktop\sxolh\c++\P3210268 (2)\Stage1\Stage1\gamestate.cpp(166,64): warning C4305: 'argument': truncation from 'double' to 'float'
C:\Users\xrist\Desktop\sxolh\c++\P3210268 (2)\Stage1\Stage1\gamestate.cpp(166,37): warning C4244: 'argument': conversion from 'double' to 'float', possible loss of data
C:\Users\xrist\Desktop\sxolh\c++\P3210268 (2)\Stage1\Stage1\gamestate.cpp(180,63): warning C4305: 'argument': truncation from 'double' to 'float'
C:\Users\xrist\Desktop\sxolh\c++\P3210268 (2)\Stage1\Stage1\gamestate.cpp(190,60): warning C4244: 'argument': conversion from 'double' to 'float', possible loss of data
C:\Users\xrist\Desktop\sxolh\c++\P3210268 (2)\Stage1\Stage1\gamestate.cpp(190,37): warning C4244: 'argument': conversion from 'double' to 'float', possible loss of data
  level.cpp
  main.cpp
  player.cpp
C:\Users\xrist\Desktop\sxolh\c++\P3210268 (2)\Stage1\Stage1\player.cpp(19,44): warning C4244: '-=': conversion from 'double' to 'float', possible loss of data
C:\Users\xrist\Desktop\sxolh\c++\P3210268 (2)\Stage1\Stage1\player.cpp(21,44): warning C4244: '+=': conversion from 'double' to 'float', possible loss of data
C:\Users\xrist\Desktop\sxolh\c++\P3210268 (2)\Stage1\Stage1\player.cpp(28,44): warning C4244: '-=': conversion from 'double' to 'float', possible loss of data
C:\Users\xrist\Desktop\sxolh\c++\P3210268 (2)\Stage1\Stage1\player.cpp(30,43): warning C4244: '+=': conversion from 'double' to 'float', possible loss of data
  Generating Code...
  LINK : C:\Users\xrist\Desktop\sxolh\c++\P3210268 (2)\Stage1\bin\Stage1.exe not found or not built by the last incremental link; performing full link
  Stage1.vcxproj -> C:\Users\xrist\Desktop\sxolh\c++\P3210268 (2)\Stage1\bin\Stage1.exe
